<?xml version="1.0" encoding="UTF-8"?>
<!-- Generated by org.testng.reporters.JUnitReportReporter -->
<testsuite skipped="0" hostname="DESKTOP-REH8PLD" name="StudentListTest" tests="5" failures="0" timestamp="2024-01-30T13:30:56 MSK" time="0.000" errors="0">
  <testcase name="getStudent_fail" time="0.000" classname="StudentListTest"/>
  <system-out/>
  <testcase name="addStudent_uniqueID" time="0.000" classname="StudentListTest"/>
  <system-out/>
  <testcase name="getStudent_success" time="0.000" classname="StudentListTest"/>
  <system-out/>
  <testcase name="findStudent_success" time="0.000" classname="StudentListTest"/>
  <system-out/>
  <testcase name="findStudent_fail" time="0.000" classname="StudentListTest"/>
  <system-out/>
</testsuite> <!-- StudentListTest -->
